[
  {
    "level": "INFO",
    "message": "android.ndkVersion from module build.gradle is 16.1.4479499"
  },
  {
    "level": "INFO",
    "message": "ndk.dir in local.properties is /Users/adt/Library/Android/sdk/ndk/21.0.6113669"
  },
  {
    "level": "INFO",
    "message": "ANDROID_NDK_HOME environment variable is not set"
  },
  {
    "level": "INFO",
    "message": "sdkFolder is /Users/adt/Library/Android/sdk"
  },
  {
    "level": "INFO",
    "message": "Considering /Users/adt/Library/Android/sdk/ndk/21.0.6113669 by ndk.dir"
  },
  {
    "level": "INFO",
    "message": "Considering /Users/adt/Library/Android/sdk/ndk-bundle in SDK ndk-bundle folder"
  },
  {
    "level": "INFO",
    "message": "Considering /Users/adt/Library/Android/sdk/ndk/21.0.6113669 in SDK ndk folder"
  },
  {
    "level": "INFO",
    "message": "Considering /Users/adt/Library/Android/sdk/ndk/25.0.8775105 in SDK ndk folder"
  },
  {
    "level": "INFO",
    "message": "Rejected /Users/adt/Library/Android/sdk/ndk/25.0.8775105 in SDK ndk folder because that location has no source.properties"
  },
  {
    "level": "ERROR",
    "message": "Requested NDK version 16.1.4479499 did not match the version 21.0.6113669 requested by ndk.dir at /Users/adt/Library/Android/sdk/ndk/21.0.6113669"
  }
]