[
  {
    "level": "INFO",
    "message": "android.ndkVersion from module build.gradle is 16.1.4479499"
  },
  {
    "level": "INFO",
    "message": "ndk.dir in local.properties is not set"
  },
  {
    "level": "INFO",
    "message": "ANDROID_NDK_HOME environment variable is not set"
  },
  {
    "level": "INFO",
    "message": "sdkFolder is /Users/adt/Library/Android/sdk"
  },
  {
    "level": "INFO",
    "message": "Considering /Users/adt/Library/Android/sdk/ndk-bundle in SDK ndk-bundle folder"
  },
  {
    "level": "INFO",
    "message": "Considering /Users/adt/Library/Android/sdk/ndk/21.0.6113669 in SDK ndk folder"
  },
  {
    "level": "INFO",
    "message": "Rejected /Users/adt/Library/Android/sdk/ndk/21.0.6113669 in SDK ndk folder because that NDK had version 21.0.6113669 which didn\u0027t match the requested version 16.1.4479499"
  },
  {
    "level": "INFO",
    "message": "Rejected /Users/adt/Library/Android/sdk/ndk-bundle in SDK ndk-bundle folder because that NDK had version 22.1.7171670 which didn\u0027t match the requested version 16.1.4479499"
  },
  {
    "level": "ERROR",
    "message": "No version of NDK matched the requested version 16.1.4479499. Versions available locally: 21.0.6113669, 22.1.7171670"
  }
]